+ analyze_power_grid -net VPWR -voltage_file /home/tienpnh/workspace/librelane/my_designs/aes256/runs/RUN_2026-07-07_12-06-23/56-openroad-irdropreport/net-VPWR.csv
[INFO PSM-0040] All shapes on net VPWR are connected.
########## IR report #################
Net              : VPWR
Corner           : nom_tt_025C_1v80
Total power      : 1.13e-01 W
Supply voltage   : 1.80e+00 V
Worstcase voltage: 1.80e+00 V
Average voltage  : 1.80e+00 V
Average IR drop  : 5.70e-04 V
Worstcase IR drop: 2.56e-03 V
Percentage drop  : 0.14 %
######################################
+ analyze_power_grid -net VGND -voltage_file /home/tienpnh/workspace/librelane/my_designs/aes256/runs/RUN_2026-07-07_12-06-23/56-openroad-irdropreport/net-VGND.csv
[INFO PSM-0040] All shapes on net VGND are connected.
########## IR report #################
Net              : VGND
Corner           : nom_tt_025C_1v80
Total power      : 1.13e-01 W
Supply voltage   : 0.00e+00 V
Worstcase voltage: 2.54e-03 V
Average voltage  : 5.58e-04 V
Average IR drop  : 5.58e-04 V
Worstcase IR drop: 2.54e-03 V
Percentage drop  : 0.14 %
######################################
